ROMs found for        4play: 12/21 (partial)
ROMs found for     bangbedp: 15/25 (partial)
ROMs found for        beast: 13/21 (partial)
ROMs found for     bngbeadn: 15/18 (partial)
ROMs found for       bzonep: 05/09 (partial)
ROMs found for         cnbe: 12/21 (partial)
ROMs found for     columnsn: 13/21 (partial)
ROMs found for     cps1demo: 04/12 (partial)
ROMs found for     csclubjr: 30/30 (all)
ROMs found for     daytntus: 35/37 (partial)
ROMs found for   daytonagtx: 35/39 (partial)
ROMs found for     daytonau: 04/06 (partial)
ROMs found for       dinoeh: 14/16 (partial)
ROMs found for        dinoh: 16/17 (partial)
ROMs found for       dinoha: 05/09 (partial)
ROMs found for      dkongex: 14/15 (partial)
ROMs found for        fr2ch: 12/25 (partial)
ROMs found for       froggs: 07/10 (partial)
ROMs found for      ganryun: 14/17 (partial)
ROMs found for       garoun: 21/29 (partial)
ROMs found for     jckygpnd: 15/21 (partial)
ROMs found for     k2k3pcbd: 08/15 (partial)
ROMs found for         kgpe: 07/07 (all)
ROMs found for     knghtsha: 11/13 (partial)
ROMs found for     knightsh: 11/13 (partial)
ROMs found for         kodh: 06/13 (partial)
ROMs found for     kof2k1nd: 18/28 (partial)
ROMs found for     kof2k2nd: 20/26 (partial)
ROMs found for     kof2k3nd: 16/25 (partial)
ROMs found for      kof2knd: 18/27 (partial)
ROMs found for      kof99nd: 18/27 (partial)
ROMs found for     kofse2k4: 22/27 (partial)
ROMs found for       ltorb1: 12/21 (partial)
ROMs found for     matrimnd: 16/25 (partial)
ROMs found for      mranger: 12/16 (partial)
ROMs found for     ms5pcbnd: 06/12 (partial)
ROMs found for     mslug3hd: 19/30 (partial)
ROMs found for     mslug3nd: 18/26 (partial)
ROMs found for     mslug4nd: 16/23 (partial)
ROMs found for     mslug5nd: 15/25 (partial)
ROMs found for      mspac6m: 08/14 (partial)
ROMs found for      multi15: 03/07 (partial)
ROMs found for     namcosil: 08/10 (partial)
ROMs found for      neo2500: 14/21 (partial)
ROMs found for        neocd: 01/02 (partial)
ROMs found for      neodemo: 15/21 (partial)
ROMs found for     neonopon: 12/17 (partial)
ROMs found for    neonopon1: 12/17 (partial)
ROMs found for    neonopon2: 12/17 (partial)
ROMs found for    neonopon3: 12/17 (partial)
ROMs found for      neopong: 14/17 (partial)
ROMs found for    neopong10: 14/17 (partial)
ROMs found for       ngem2k: 13/21 (partial)
ROMs found for       ngfrog: 12/24 (partial)
ROMs found for        nitdn: 15/17 (partial)
ROMs found for     pacman25: 06/14 (partial)
ROMs found for     pacman3d: 06/10 (partial)
ROMs found for      pgemeni: 04/08 (partial)
ROMs found for      pgmdemo: 04/08 (partial)
ROMs found for      pgmfrog: 03/08 (partial)
ROMs found for      pnyaand: 15/21 (partial)
ROMs found for     poknight: 13/21 (partial)
ROMs found for     preisl2n: 16/23 (partial)
ROMs found for     recordb2: 09/15 (partial)
ROMs found for     roboarma: 16/20 (partial)
ROMs found for       rotdnd: 15/25 (partial)
ROMs found for      s1945pn: 18/27 (partial)
ROMs found for     samsh5nd: 15/25 (partial)
ROMs found for       sf2m10: 15/19 (partial)
ROMs found for       sf2m11: 15/19 (partial)
ROMs found for       sf2m12: 17/19 (partial)
ROMs found for       sf2m13: 16/19 (partial)
ROMs found for        sf2m8: 18/19 (partial)
ROMs found for        sf2m9: 16/19 (partial)
ROMs found for     sf2tlona: 16/19 (partial)
ROMs found for     sf2tlonb: 15/19 (partial)
ROMs found for     sf2toryu: 16/19 (partial)
ROMs found for     sf2turyu: 15/19 (partial)
ROMs found for    sf2turyu1: 15/19 (partial)
ROMs found for        sfach: 02/23 (partial)
ROMs found for        sfzch: 02/23 (partial)
ROMs found for     sngoku3n: 16/22 (partial)
ROMs found for      srallyp: 28/30 (partial)
ROMs found for      ss5shnd: 15/25 (partial)
ROMs found for        stccb: 23/25 (partial)
ROMs found for        svcnd: 15/24 (partial)
ROMs found for     svcpcbnd: 07/10 (partial)
ROMs found for     syscheck: 12/17 (partial)
ROMs found for     tempestm: 08/12 (partial)
ROMs found for       tqhack: 02/03 (partial)
ROMs found for      vectorb: 08/13 (partial)
ROMs found for      vs2_2k2: 25/26 (partial)
ROMs found for       wof3js: 06/15 (partial)
ROMs found for        wofah: 14/15 (partial)
ROMs found for        wofch: 12/15 (partial)
ROMs found for         wofh: 05/08 (partial)
ROMs found for        wofjh: 14/15 (partial)
ROMs found for       xenrev: 08/10 (partial)
ROMs found for     zerogunx: 18/25 (partial)
ROMs found for     zintrkcd: 13/17 (partial)
ROMs found for      zupapan: 14/17 (partial)
